<?xml version="1.0" encoding="UTF-8"?>
<testng-results ignored="0" total="16" passed="16" failed="0" skipped="0">
  <reporter-output>
  </reporter-output>
  <suite started-at="2025-09-13T14:53:44 IST" name="Default suite" finished-at="2025-09-13T15:01:34 IST" duration-ms="469950">
    <groups>
      <group name="cucumber">
        <method signature="AbstractTestNGCucumberTests.runScenario(io.cucumber.testng.PickleWrapper,io.cucumber.testng.FeatureWrapper)[pri:0, instance:nobroker.runner.TestRunner@1190200a]" name="runScenario" class="io.cucumber.testng.AbstractTestNGCucumberTests"/>
      </group> <!-- cucumber -->
    </groups>
    <test started-at="2025-09-13T14:53:44 IST" name="Default test" finished-at="2025-09-13T15:01:34 IST" duration-ms="469950">
      <class name="nobroker.runner.TestRunner">
        <test-method is-config="true" signature="setUpClass(org.testng.ITestContext)[pri:0, instance:nobroker.runner.TestRunner@1190200a]" started-at="2025-09-13T14:53:44 IST" name="setUpClass" finished-at="2025-09-13T14:53:46 IST" duration-ms="1559" status="PASS">
          <params>
            <param index="0">
              <value>
                <![CDATA[org.testng.TestRunner@68550d86]]>
              </value>
            </param>
          </params>
          <reporter-output>
          </reporter-output>
        </test-method> <!-- setUpClass -->
        <test-method signature="runScenario(io.cucumber.testng.PickleWrapper,io.cucumber.testng.FeatureWrapper)[pri:0, instance:nobroker.runner.TestRunner@1190200a]" started-at="2025-09-13T14:53:46 IST" name="runScenario" description="Runs Cucumber Scenarios" data-provider="scenarios" finished-at="2025-09-13T14:53:57 IST" duration-ms="10968" status="PASS">
          <params>
            <param index="0">
              <value>
                <![CDATA["TS_LOGIN_01 Login with invalid mobile number"]]>
              </value>
            </param>
            <param index="1">
              <value>
                <![CDATA["User Login"]]>
              </value>
            </param>
          </params>
          <reporter-output>
          </reporter-output>
        </test-method> <!-- runScenario -->
        <test-method signature="runScenario(io.cucumber.testng.PickleWrapper,io.cucumber.testng.FeatureWrapper)[pri:0, instance:nobroker.runner.TestRunner@1190200a]" started-at="2025-09-13T14:53:57 IST" name="runScenario" description="Runs Cucumber Scenarios" data-provider="scenarios" finished-at="2025-09-13T14:54:07 IST" duration-ms="9900" status="PASS">
          <params>
            <param index="0">
              <value>
                <![CDATA[": TS_LOGIN_02 Login with invalid OTP"]]>
              </value>
            </param>
            <param index="1">
              <value>
                <![CDATA["User Login"]]>
              </value>
            </param>
          </params>
          <reporter-output>
          </reporter-output>
        </test-method> <!-- runScenario -->
        <test-method signature="runScenario(io.cucumber.testng.PickleWrapper,io.cucumber.testng.FeatureWrapper)[pri:0, instance:nobroker.runner.TestRunner@1190200a]" started-at="2025-09-13T14:54:07 IST" name="runScenario" description="Runs Cucumber Scenarios" data-provider="scenarios" finished-at="2025-09-13T14:55:01 IST" duration-ms="53952" status="PASS">
          <params>
            <param index="0">
              <value>
                <![CDATA["TS_LOGIN_03 OTP Expiry and Resend"]]>
              </value>
            </param>
            <param index="1">
              <value>
                <![CDATA["User Login"]]>
              </value>
            </param>
          </params>
          <reporter-output>
          </reporter-output>
        </test-method> <!-- runScenario -->
        <test-method signature="runScenario(io.cucumber.testng.PickleWrapper,io.cucumber.testng.FeatureWrapper)[pri:0, instance:nobroker.runner.TestRunner@1190200a]" started-at="2025-09-13T14:55:01 IST" name="runScenario" description="Runs Cucumber Scenarios" data-provider="scenarios" finished-at="2025-09-13T14:55:07 IST" duration-ms="6111" status="PASS">
          <params>
            <param index="0">
              <value>
                <![CDATA["TS_LOGIN_04 Page loaded successfully"]]>
              </value>
            </param>
            <param index="1">
              <value>
                <![CDATA["User Login"]]>
              </value>
            </param>
          </params>
          <reporter-output>
          </reporter-output>
        </test-method> <!-- runScenario -->
        <test-method signature="runScenario(io.cucumber.testng.PickleWrapper,io.cucumber.testng.FeatureWrapper)[pri:0, instance:nobroker.runner.TestRunner@1190200a]" started-at="2025-09-13T14:55:07 IST" name="runScenario" description="Runs Cucumber Scenarios" data-provider="scenarios" finished-at="2025-09-13T14:55:31 IST" duration-ms="24293" status="PASS">
          <params>
            <param index="0">
              <value>
                <![CDATA["TS_LOGIN_05 Login with valid credentials"]]>
              </value>
            </param>
            <param index="1">
              <value>
                <![CDATA["User Login"]]>
              </value>
            </param>
          </params>
          <reporter-output>
          </reporter-output>
        </test-method> <!-- runScenario -->
        <test-method signature="runScenario(io.cucumber.testng.PickleWrapper,io.cucumber.testng.FeatureWrapper)[pri:0, instance:nobroker.runner.TestRunner@1190200a]" started-at="2025-09-13T14:55:31 IST" name="runScenario" description="Runs Cucumber Scenarios" data-provider="scenarios" finished-at="2025-09-13T14:55:44 IST" duration-ms="13161" status="PASS">
          <params>
            <param index="0">
              <value>
                <![CDATA["TS_HELP_06 Open Help Center and raise a complaint"]]>
              </value>
            </param>
            <param index="1">
              <value>
                <![CDATA["NoBroker Help Center"]]>
              </value>
            </param>
          </params>
          <reporter-output>
          </reporter-output>
        </test-method> <!-- runScenario -->
        <test-method signature="runScenario(io.cucumber.testng.PickleWrapper,io.cucumber.testng.FeatureWrapper)[pri:0, instance:nobroker.runner.TestRunner@1190200a]" started-at="2025-09-13T14:55:44 IST" name="runScenario" description="Runs Cucumber Scenarios" data-provider="scenarios" finished-at="2025-09-13T14:56:17 IST" duration-ms="32283" status="PASS">
          <params>
            <param index="0">
              <value>
                <![CDATA["TS_HISTORY_07 User views recent services in History"]]>
              </value>
            </param>
            <param index="1">
              <value>
                <![CDATA["Verify History Page Functionality"]]>
              </value>
            </param>
          </params>
          <reporter-output>
          </reporter-output>
        </test-method> <!-- runScenario -->
        <test-method signature="runScenario(io.cucumber.testng.PickleWrapper,io.cucumber.testng.FeatureWrapper)[pri:0, instance:nobroker.runner.TestRunner@1190200a]" started-at="2025-09-13T14:56:17 IST" name="runScenario" description="Runs Cucumber Scenarios" data-provider="scenarios" finished-at="2025-09-13T14:56:46 IST" duration-ms="29406" status="PASS">
          <params>
            <param index="0">
              <value>
                <![CDATA["TS_SEARCH_08 Missing landmark"]]>
              </value>
            </param>
            <param index="1">
              <value>
                <![CDATA["Home Page Search and Navigation"]]>
              </value>
            </param>
          </params>
          <reporter-output>
          </reporter-output>
        </test-method> <!-- runScenario -->
        <test-method signature="runScenario(io.cucumber.testng.PickleWrapper,io.cucumber.testng.FeatureWrapper)[pri:0, instance:nobroker.runner.TestRunner@1190200a]" started-at="2025-09-13T14:56:46 IST" name="runScenario" description="Runs Cucumber Scenarios" data-provider="scenarios" finished-at="2025-09-13T14:57:19 IST" duration-ms="32885" status="PASS">
          <params>
            <param index="0">
              <value>
                <![CDATA["TS_SEARCH_09 Mismatch location–landmark combination"]]>
              </value>
            </param>
            <param index="1">
              <value>
                <![CDATA["Home Page Search and Navigation"]]>
              </value>
            </param>
          </params>
          <reporter-output>
          </reporter-output>
        </test-method> <!-- runScenario -->
        <test-method signature="runScenario(io.cucumber.testng.PickleWrapper,io.cucumber.testng.FeatureWrapper)[pri:0, instance:nobroker.runner.TestRunner@1190200a]" started-at="2025-09-13T14:57:19 IST" name="runScenario" description="Runs Cucumber Scenarios" data-provider="scenarios" finished-at="2025-09-13T14:57:47 IST" duration-ms="27691" status="PASS">
          <params>
            <param index="0">
              <value>
                <![CDATA["TS_SEARCH_10 Valid city with landmark"]]>
              </value>
            </param>
            <param index="1">
              <value>
                <![CDATA["Home Page Search and Navigation"]]>
              </value>
            </param>
          </params>
          <reporter-output>
          </reporter-output>
        </test-method> <!-- runScenario -->
        <test-method signature="runScenario(io.cucumber.testng.PickleWrapper,io.cucumber.testng.FeatureWrapper)[pri:0, instance:nobroker.runner.TestRunner@1190200a]" started-at="2025-09-13T14:57:47 IST" name="runScenario" description="Runs Cucumber Scenarios" data-provider="scenarios" finished-at="2025-09-13T14:58:32 IST" duration-ms="45800" status="PASS">
          <params>
            <param index="0">
              <value>
                <![CDATA["TS_PAINT_11 User navigates and manages items in Full Home Cleaning for Furnished Apartment"]]>
              </value>
            </param>
            <param index="1">
              <value>
                <![CDATA["Verify the Painting & Cleaning page Functionality"]]>
              </value>
            </param>
          </params>
          <reporter-output>
          </reporter-output>
        </test-method> <!-- runScenario -->
        <test-method signature="runScenario(io.cucumber.testng.PickleWrapper,io.cucumber.testng.FeatureWrapper)[pri:0, instance:nobroker.runner.TestRunner@1190200a]" started-at="2025-09-13T14:58:32 IST" name="runScenario" description="Runs Cucumber Scenarios" data-provider="scenarios" finished-at="2025-09-13T14:59:07 IST" duration-ms="34478" status="PASS">
          <params>
            <param index="0">
              <value>
                <![CDATA["TS_PAINT_12 User navigates and manages items in Interior and Exterior painting"]]>
              </value>
            </param>
            <param index="1">
              <value>
                <![CDATA["Verify the Painting & Cleaning page Functionality"]]>
              </value>
            </param>
          </params>
          <reporter-output>
          </reporter-output>
        </test-method> <!-- runScenario -->
        <test-method signature="runScenario(io.cucumber.testng.PickleWrapper,io.cucumber.testng.FeatureWrapper)[pri:0, instance:nobroker.runner.TestRunner@1190200a]" started-at="2025-09-13T14:59:07 IST" name="runScenario" description="Runs Cucumber Scenarios" data-provider="scenarios" finished-at="2025-09-13T14:59:26 IST" duration-ms="19378" status="PASS">
          <params>
            <param index="0">
              <value>
                <![CDATA["TS_PAINT_13 User validates invalid search and restricted service selection"]]>
              </value>
            </param>
            <param index="1">
              <value>
                <![CDATA["Verify the Painting & Cleaning page Functionality"]]>
              </value>
            </param>
          </params>
          <reporter-output>
          </reporter-output>
        </test-method> <!-- runScenario -->
        <test-method signature="runScenario(io.cucumber.testng.PickleWrapper,io.cucumber.testng.FeatureWrapper)[pri:0, instance:nobroker.runner.TestRunner@1190200a]" started-at="2025-09-13T14:59:26 IST" name="runScenario" description="Runs Cucumber Scenarios" data-provider="scenarios" finished-at="2025-09-13T15:00:12 IST" duration-ms="45847" status="PASS">
          <params>
            <param index="0">
              <value>
                <![CDATA["TS_PACKER_14 User navigates and manages in Packers and Movers for move items from one place to another"]]>
              </value>
            </param>
            <param index="1">
              <value>
                <![CDATA["Verify the Packers & Movers page Functionality"]]>
              </value>
            </param>
          </params>
          <reporter-output>
          </reporter-output>
        </test-method> <!-- runScenario -->
        <test-method signature="runScenario(io.cucumber.testng.PickleWrapper,io.cucumber.testng.FeatureWrapper)[pri:0, instance:nobroker.runner.TestRunner@1190200a]" started-at="2025-09-13T15:00:12 IST" name="runScenario" description="Runs Cucumber Scenarios" data-provider="scenarios" finished-at="2025-09-13T15:01:06 IST" duration-ms="54020" status="PASS">
          <params>
            <param index="0">
              <value>
                <![CDATA["TS_PACKER_15  User navigates and manages in Packers and Movers for city tempo to move from one place to another"]]>
              </value>
            </param>
            <param index="1">
              <value>
                <![CDATA["Verify the Packers & Movers page Functionality"]]>
              </value>
            </param>
          </params>
          <reporter-output>
          </reporter-output>
        </test-method> <!-- runScenario -->
        <test-method signature="runScenario(io.cucumber.testng.PickleWrapper,io.cucumber.testng.FeatureWrapper)[pri:0, instance:nobroker.runner.TestRunner@1190200a]" started-at="2025-09-13T15:01:06 IST" name="runScenario" description="Runs Cucumber Scenarios" data-provider="scenarios" finished-at="2025-09-13T15:01:34 IST" duration-ms="27455" status="PASS">
          <params>
            <param index="0">
              <value>
                <![CDATA["TS_SIGNOUT_16 User navigate to the last stage and sign out from website"]]>
              </value>
            </param>
            <param index="1">
              <value>
                <![CDATA["Sign out from the website of Nobroker"]]>
              </value>
            </param>
          </params>
          <reporter-output>
          </reporter-output>
        </test-method> <!-- runScenario -->
        <test-method is-config="true" signature="tearDownClass()[pri:0, instance:nobroker.runner.TestRunner@1190200a]" started-at="2025-09-13T15:01:34 IST" name="tearDownClass" finished-at="2025-09-13T15:01:34 IST" duration-ms="620" status="PASS">
          <reporter-output>
          </reporter-output>
        </test-method> <!-- tearDownClass -->
      </class> <!-- nobroker.runner.TestRunner -->
    </test> <!-- Default test -->
  </suite> <!-- Default suite -->
</testng-results>
