<?xml version="1.0" encoding="UTF-8"?>
<testng-results ignored="0" total="2" passed="2" failed="0" skipped="0">
  <reporter-output>
  </reporter-output>
  <suite started-at="2025-09-12T09:16:11 IST" name="Default suite" finished-at="2025-09-12T09:18:02 IST" duration-ms="110723">
    <groups>
      <group name="cucumber">
        <method signature="AbstractTestNGCucumberTests.runScenario(io.cucumber.testng.PickleWrapper,io.cucumber.testng.FeatureWrapper)[pri:0, instance:nobroker.runner.TestRunner@1190200a]" name="runScenario" class="io.cucumber.testng.AbstractTestNGCucumberTests"/>
      </group> <!-- cucumber -->
    </groups>
    <test started-at="2025-09-12T09:16:11 IST" name="Default test" finished-at="2025-09-12T09:18:02 IST" duration-ms="110723">
      <class name="nobroker.runner.TestRunner">
        <test-method is-config="true" signature="setUpClass(org.testng.ITestContext)[pri:0, instance:nobroker.runner.TestRunner@1190200a]" started-at="2025-09-12T09:16:11 IST" name="setUpClass" finished-at="2025-09-12T09:16:13 IST" duration-ms="1423" status="PASS">
          <params>
            <param index="0">
              <value>
                <![CDATA[org.testng.TestRunner@5934ca1e]]>
              </value>
            </param>
          </params>
          <reporter-output>
          </reporter-output>
        </test-method> <!-- setUpClass -->
        <test-method signature="runScenario(io.cucumber.testng.PickleWrapper,io.cucumber.testng.FeatureWrapper)[pri:0, instance:nobroker.runner.TestRunner@1190200a]" started-at="2025-09-12T09:16:13 IST" name="runScenario" description="Runs Cucumber Scenarios" data-provider="scenarios" finished-at="2025-09-12T09:17:14 IST" duration-ms="61547" status="PASS">
          <params>
            <param index="0">
              <value>
                <![CDATA["User navigates and manages in Packers and Movers for move items from one place to another"]]>
              </value>
            </param>
            <param index="1">
              <value>
                <![CDATA["Verify the Packers & Movers page Functionality"]]>
              </value>
            </param>
          </params>
          <reporter-output>
          </reporter-output>
        </test-method> <!-- runScenario -->
        <test-method signature="runScenario(io.cucumber.testng.PickleWrapper,io.cucumber.testng.FeatureWrapper)[pri:0, instance:nobroker.runner.TestRunner@1190200a]" started-at="2025-09-12T09:17:14 IST" name="runScenario" description="Runs Cucumber Scenarios" data-provider="scenarios" finished-at="2025-09-12T09:18:01 IST" duration-ms="47162" status="PASS">
          <params>
            <param index="0">
              <value>
                <![CDATA["User navigates and manages in Packers and Movers for city tempo to move from one place to another"]]>
              </value>
            </param>
            <param index="1">
              <value>
                <![CDATA["Verify the Packers & Movers page Functionality"]]>
              </value>
            </param>
          </params>
          <reporter-output>
          </reporter-output>
        </test-method> <!-- runScenario -->
        <test-method is-config="true" signature="tearDownClass()[pri:0, instance:nobroker.runner.TestRunner@1190200a]" started-at="2025-09-12T09:18:01 IST" name="tearDownClass" finished-at="2025-09-12T09:18:02 IST" duration-ms="506" status="PASS">
          <reporter-output>
          </reporter-output>
        </test-method> <!-- tearDownClass -->
      </class> <!-- nobroker.runner.TestRunner -->
    </test> <!-- Default test -->
  </suite> <!-- Default suite -->
</testng-results>
