<?xml version="1.0" encoding="UTF-8"?>
<!-- Generated by org.testng.reporters.JUnitReportReporter -->
<testsuite hostname="DESKTOP-PIPO6LO" failures="0" tests="1" name="nobroker.runner.TestRunner" time="64.465" errors="1" timestamp="2025-09-10T14:37:01 IST" skipped="0">
  <testcase classname="nobroker.runner.TestRunner" name="runScenario" time="64.465">
    <error message="Cannot invoke &quot;com.aventstack.extentreports.ExtentTest.log(com.aventstack.extentreports.Status, String)&quot; because &quot;this.extTest&quot; is null" type="java.lang.NullPointerException">
      <![CDATA[java.lang.NullPointerException: Cannot invoke "com.aventstack.extentreports.ExtentTest.log(com.aventstack.extentreports.Status, String)" because "this.extTest" is null
at nobroker.pages.Packers_MoversPage.isAlertPresent(Packers_MoversPage.java:184)
at nobroker.stepdefinitions.Packers_MoversSteps.verify_alert_message(Packers_MoversSteps.java:76)
at ✽.User verifies the alert message for not add item(file:///C:/Users/LENOVO/OneDrive/Desktop/CAPGEMINI%20%20training/nobroker_testing_application/src/test/resources/features/Packers_Movers.feature:13)
]]>
    </error>
  </testcase> <!-- runScenario -->
</testsuite> <!-- nobroker.runner.TestRunner -->
